<?xml version="1.0" encoding="UTF-8"?>
<!-- Generated by org.testng.reporters.JUnitReportReporter -->
<testsuite hostname="Deepaks-MacBook-Air.local" failures="0" tests="1" name="TestCases.HomePage" time="1.814" errors="0" timestamp="11 Jun 2021 07:27:41 GMT">
  <testcase classname="TestCases.HomePage" name="LoginPart" time="1.814"/>
</testsuite> <!-- TestCases.HomePage -->
